main.c: In function ‘handler_msg’:
main.c:17:18: warning: cast from pointer to integer of different size [-Wpointer-to-int-cast]
   17 |         int sock=(int)arg;
      |                  ^
main.c: In function ‘main’:
main.c:43:54: warning: cast to pointer from integer of different size [-Wint-to-pointer-cast]
   43 |                 pthread_create(&tid,NULL,handler_msg,(void*)connf);
      |                                                      ^
ftpServer.c: In function ‘ftpserver_check_user’:
ftpServer.c:249:33: warning: passing argument 2 of ‘getline’ from incompatible pointer type [-Wincompatible-pointer-types]
  249 |         while(-1!=getline(&line,&len,fd))
      |                                 ^~~~
      |                                 |
      |                                 int *
In file included from ../common/common.h:13,
                 from ftpServer.h:4,
                 from ftpServer.c:19:
/usr/include/stdio.h:646:46: note: expected ‘size_t * restrict’ {aka ‘long unsigned int * restrict’} but argument is of type ‘int *’
  646 |                           size_t *__restrict __n,
      |                           ~~~~~~~~~~~~~~~~~~~^~~
ftpServer.c: In function ‘ftpserver_list’:
ftpServer.c:355:9: warning: implicit declaration of function ‘sendfile’ [-Wimplicit-function-declaration]
  355 |         sendfile(sock_data,fd,NULL,size);
      |         ^~~~~~~~
ftpServer.c:340:51: warning: ‘%s’ directive output may be truncated writing up to 1023 bytes into a region of size 250 [-Wformat-truncation=]
  340 |         snprintf(command, sizeof(command), "ls -l %s > temp.txt", FTP_PATH);
      |                                                   ^~              ~~~~~~~~
ftpServer.c:340:9: note: ‘snprintf’ output between 18 and 1041 bytes into a destination of size 256
  340 |         snprintf(command, sizeof(command), "ls -l %s > temp.txt", FTP_PATH);
      |         ^~~~~~~~~~~~~~~~~~~~~~~~~~~~~~~~~~~~~~~~~~~~~~~~~~~~~~~~~~~~~~~~~~~
ftpServer.c: In function ‘ftpserver_make_directory’:
ftpServer.c:572:43: warning: ‘%s’ directive output may be truncated writing up to 1023 bytes into a region of size 512 [-Wformat-truncation=]
  572 |     snprintf(dir_path, sizeof(dir_path), "%s%s", FTP_PATH, path);
      |                                           ^~     ~~~~~~~~
ftpServer.c:572:5: note: ‘snprintf’ output 1 or more bytes (assuming 1024) into a destination of size 512
  572 |     snprintf(dir_path, sizeof(dir_path), "%s%s", FTP_PATH, path);
      |     ^~~~~~~~~~~~~~~~~~~~~~~~~~~~~~~~~~~~~~~~~~~~~~~~~~~~~~~~~~~~
