main.c: In function ‘main’:
main.c:17:9: error: unknown type name ‘bool’
   17 |         bool pasv_flag = 0; //是否使用过pasv指令
      |         ^~~~
main.c:2:1: note: ‘bool’ is defined in header ‘<stdbool.h>’; did you forget to ‘#include <stdbool.h>’?
    1 | #include"ftpClient.h"
  +++ |+#include <stdbool.h>
    2 | #include"../common/common.h"
ftpClient.c: In function ‘ftpclient_read_cmd’:
ftpClient.c:60:9: warning: implicit declaration of function ‘read_input’; did you mean ‘readlinkat’? [-Wimplicit-function-declaration]
   60 |         read_input(buf,size);
      |         ^~~~~~~~~~
      |         readlinkat
ftpClient.c: In function ‘ftpclient_list’:
ftpClient.c:179:33: warning: format ‘%d’ expects argument of type ‘int’, but argument 2 has type ‘ssize_t’ {aka ‘long int’} [-Wformat=]
  179 |                 printf("list s:%d\n",s);
      |                                ~^    ~
      |                                 |    |
      |                                 int  ssize_t {aka long int}
      |                                %ld
ftpClient.c: In function ‘ftpclient_pasv’:
ftpClient.c:209:25: warning: format ‘%d’ expects argument of type ‘int’, but argument 2 has type ‘ssize_t’ {aka ‘long int’} [-Wformat=]
  209 |         printf("list s:%d\n",s);
      |                        ~^    ~
      |                         |    |
      |                         int  ssize_t {aka long int}
      |                        %ld
