main.c: In function ‘main’:
main.c:112:33: warning: implicit declaration of function ‘ftpclient_pasv’; did you mean ‘ftpclient_put’? [-Wimplicit-function-declaration]
  112 |                                 ftpclient_pasv(sock_ctl,sock_data);
      |                                 ^~~~~~~~~~~~~~
      |                                 ftpclient_put
main.c:128:62: warning: format ‘%d’ expects argument of type ‘int’, but argument 2 has type ‘ssize_t’ {aka ‘long int’} [-Wformat=]
  128 |                                 printf("recv response legth:%d\n",s);
      |                                                             ~^    ~
      |                                                              |    |
      |                                                              int  ssize_t {aka long int}
      |                                                             %ld
ftpClient.c: In function ‘ftpclient_read_cmd’:
ftpClient.c:60:9: warning: implicit declaration of function ‘read_input’; did you mean ‘readlinkat’? [-Wimplicit-function-declaration]
   60 |         read_input(buf,size);
      |         ^~~~~~~~~~
      |         readlinkat
ftpClient.c: In function ‘ftpclient_list’:
ftpClient.c:179:33: warning: format ‘%d’ expects argument of type ‘int’, but argument 2 has type ‘ssize_t’ {aka ‘long int’} [-Wformat=]
  179 |                 printf("list s:%d\n",s);
      |                                ~^    ~
      |                                 |    |
      |                                 int  ssize_t {aka long int}
      |                                %ld
ftpClient.c: In function ‘ftpclient_pasv’:
ftpClient.c:212:33: warning: format ‘%d’ expects argument of type ‘int’, but argument 2 has type ‘ssize_t’ {aka ‘long int’} [-Wformat=]
  212 |                 printf("list s:%d\n",s);
      |                                ~^    ~
      |                                 |    |
      |                                 int  ssize_t {aka long int}
      |                                %ld
