ftpServer.c: In function ‘ftpserver_start_pasv_data_conn’:
ftpServer.c:75:9: warning: implicit declaration of function ‘sendfile’ [-Wimplicit-function-declaration]
   75 |         sendfile(session->sock_data,fd,NULL,size);
      |         ^~~~~~~~
ftpServer.c: In function ‘ftpserver_retr’:
ftpServer.c:416:24: warning: ‘return’ with a value, in function returning void
  416 |                 return -1;
      |                        ^
ftpServer.c:404:6: note: declared here
  404 | void ftpserver_retr(UserSession *session,char *filename)
      |      ^~~~~~~~~~~~~~
ftpServer.c: In function ‘ftpserver_push’:
ftpServer.c:452:24: warning: ‘return’ with a value, in function returning void
  452 |                 return -1;
      |                        ^
ftpServer.c:436:6: note: declared here
  436 | void ftpserver_push(UserSession *session,char* filename)
      |      ^~~~~~~~~~~~~~
ftpServer.c: In function ‘ftpserver_delet’:
ftpServer.c:504:24: warning: ‘return’ with a value, in function returning void
  504 |                 return -1;
      |                        ^
ftpServer.c:492:6: note: declared here
  492 | void ftpserver_delet(UserSession *session, char *filename)
      |      ^~~~~~~~~~~~~~~
ftpServer.c: In function ‘ftpserver_rename_directory’:
ftpServer.c:643:24: warning: ‘return’ with a value, in function returning void
  643 |                 return -1;
      |                        ^
ftpServer.c:616:6: note: declared here
  616 | void ftpserver_rename_directory(UserSession *session, char *arg)
      |      ^~~~~~~~~~~~~~~~~~~~~~~~~~
ftpServer.c: In function ‘ftpserver_make_directory’:
ftpServer.c:667:24: warning: ‘return’ with a value, in function returning void
  667 |                 return -1;
      |                        ^
ftpServer.c:657:6: note: declared here
  657 | void ftpserver_make_directory(UserSession *session,char *path)
      |      ^~~~~~~~~~~~~~~~~~~~~~~~
ftpServer.c: In function ‘ftpserver_start_pasv_data_conn’:
ftpServer.c:60:52: warning: ‘%s’ directive output may be truncated writing up to 1023 bytes into a region of size 250 [-Wformat-truncation=]
   60 |         snprintf(command, sizeof(command), "echo \"%s\" > temp.txt", response);
      |                                                    ^~                ~~~~~~~~
ftpServer.c:60:9: note: ‘snprintf’ output between 19 and 1042 bytes into a destination of size 256
   60 |         snprintf(command, sizeof(command), "echo \"%s\" > temp.txt", response);
      |         ^~~~~~~~~~~~~~~~~~~~~~~~~~~~~~~~~~~~~~~~~~~~~~~~~~~~~~~~~~~~~~~~~~~~~~
ftpServer.c: In function ‘ftpserver_list’:
ftpServer.c:382:51: warning: ‘%s’ directive output may be truncated writing up to 1023 bytes into a region of size 250 [-Wformat-truncation=]
  382 |         snprintf(command, sizeof(command), "ls -l %s > temp.txt", session->FTP_PATH);
      |                                                   ^~
ftpServer.c:382:9: note: ‘snprintf’ output between 18 and 1041 bytes into a destination of size 256
  382 |         snprintf(command, sizeof(command), "ls -l %s > temp.txt", session->FTP_PATH);
      |         ^~~~~~~~~~~~~~~~~~~~~~~~~~~~~~~~~~~~~~~~~~~~~~~~~~~~~~~~~~~~~~~~~~~~~~~~~~~~
ftpServer.c: In function ‘ftpserver_make_directory’:
ftpServer.c:660:43: warning: ‘%s’ directive output may be truncated writing up to 1023 bytes into a region of size 512 [-Wformat-truncation=]
  660 |     snprintf(dir_path, sizeof(dir_path), "%s%s", session->FTP_PATH, path);
      |                                           ^~
ftpServer.c:660:5: note: ‘snprintf’ output 1 or more bytes (assuming 1024) into a destination of size 512
  660 |     snprintf(dir_path, sizeof(dir_path), "%s%s", session->FTP_PATH, path);
      |     ^~~~~~~~~~~~~~~~~~~~~~~~~~~~~~~~~~~~~~~~~~~~~~~~~~~~~~~~~~~~~~~~~~~~~
