ftpServer.c: In function ‘ftpserver_start_pasv_data_conn’:
ftpServer.c:75:9: warning: implicit declaration of function ‘sendfile’ [-Wimplicit-function-declaration]
   75 |         sendfile(session->sock_data,fd,NULL,size);
      |         ^~~~~~~~
ftpServer.c: In function ‘ftpserver_retr’:
ftpServer.c:407:24: warning: ‘return’ with a value, in function returning void
  407 |                 return -1;
      |                        ^
ftpServer.c:395:6: note: declared here
  395 | void ftpserver_retr(UserSession *session,char *filename)
      |      ^~~~~~~~~~~~~~
ftpServer.c: In function ‘ftpserver_push’:
ftpServer.c:443:24: warning: ‘return’ with a value, in function returning void
  443 |                 return -1;
      |                        ^
ftpServer.c:427:6: note: declared here
  427 | void ftpserver_push(UserSession *session,char* filename)
      |      ^~~~~~~~~~~~~~
ftpServer.c: In function ‘ftpserver_delet’:
ftpServer.c:495:24: warning: ‘return’ with a value, in function returning void
  495 |                 return -1;
      |                        ^
ftpServer.c:483:6: note: declared here
  483 | void ftpserver_delet(UserSession *session, char *filename)
      |      ^~~~~~~~~~~~~~~
ftpServer.c: In function ‘ftpserver_rename_directory’:
ftpServer.c:634:24: warning: ‘return’ with a value, in function returning void
  634 |                 return -1;
      |                        ^
ftpServer.c:607:6: note: declared here
  607 | void ftpserver_rename_directory(UserSession *session, char *arg)
      |      ^~~~~~~~~~~~~~~~~~~~~~~~~~
ftpServer.c: In function ‘ftpserver_make_directory’:
ftpServer.c:658:24: warning: ‘return’ with a value, in function returning void
  658 |                 return -1;
      |                        ^
ftpServer.c:648:6: note: declared here
  648 | void ftpserver_make_directory(UserSession *session,char *path)
      |      ^~~~~~~~~~~~~~~~~~~~~~~~
ftpServer.c: In function ‘ftpserver_start_pasv_data_conn’:
ftpServer.c:60:52: warning: ‘%s’ directive output may be truncated writing up to 1023 bytes into a region of size 250 [-Wformat-truncation=]
   60 |         snprintf(command, sizeof(command), "echo \"%s\" > temp.txt", response);
      |                                                    ^~                ~~~~~~~~
ftpServer.c:60:9: note: ‘snprintf’ output between 19 and 1042 bytes into a destination of size 256
   60 |         snprintf(command, sizeof(command), "echo \"%s\" > temp.txt", response);
      |         ^~~~~~~~~~~~~~~~~~~~~~~~~~~~~~~~~~~~~~~~~~~~~~~~~~~~~~~~~~~~~~~~~~~~~~
ftpServer.c: In function ‘ftpserver_list’:
ftpServer.c:373:51: warning: ‘%s’ directive output may be truncated writing up to 1023 bytes into a region of size 250 [-Wformat-truncation=]
  373 |         snprintf(command, sizeof(command), "ls -l %s > temp.txt", session->FTP_PATH);
      |                                                   ^~
ftpServer.c:373:9: note: ‘snprintf’ output between 18 and 1041 bytes into a destination of size 256
  373 |         snprintf(command, sizeof(command), "ls -l %s > temp.txt", session->FTP_PATH);
      |         ^~~~~~~~~~~~~~~~~~~~~~~~~~~~~~~~~~~~~~~~~~~~~~~~~~~~~~~~~~~~~~~~~~~~~~~~~~~~
ftpServer.c: In function ‘ftpserver_make_directory’:
ftpServer.c:651:43: warning: ‘%s’ directive output may be truncated writing up to 1023 bytes into a region of size 512 [-Wformat-truncation=]
  651 |     snprintf(dir_path, sizeof(dir_path), "%s%s", session->FTP_PATH, path);
      |                                           ^~
ftpServer.c:651:5: note: ‘snprintf’ output 1 or more bytes (assuming 1024) into a destination of size 512
  651 |     snprintf(dir_path, sizeof(dir_path), "%s%s", session->FTP_PATH, path);
      |     ^~~~~~~~~~~~~~~~~~~~~~~~~~~~~~~~~~~~~~~~~~~~~~~~~~~~~~~~~~~~~~~~~~~~~
