ftpClient.c: In function ‘ftpclient_read_cmd’:
ftpClient.c:61:9: warning: implicit declaration of function ‘read_input’; did you mean ‘readlinkat’? [-Wimplicit-function-declaration]
   61 |         read_input(buf,size);
      |         ^~~~~~~~~~
      |         readlinkat
ftpClient.c: In function ‘ftpclient_list’:
ftpClient.c:180:33: warning: format ‘%d’ expects argument of type ‘int’, but argument 2 has type ‘ssize_t’ {aka ‘long int’} [-Wformat=]
  180 |                 printf("list s:%d\n",s);
      |                                ~^    ~
      |                                 |    |
      |                                 int  ssize_t {aka long int}
      |                                %ld
ftpClient.c: In function ‘ftpclient_pasv’:
ftpClient.c:210:25: warning: format ‘%d’ expects argument of type ‘int’, but argument 2 has type ‘ssize_t’ {aka ‘long int’} [-Wformat=]
  210 |         printf("list s:%d\n",s);
      |                        ~^    ~
      |                         |    |
      |                         int  ssize_t {aka long int}
      |                        %ld
ftpClient.c: In function ‘ftpclient_login’:
ftpClient.c:312:45: error: ‘password’ undeclared (first use in this function)
  312 |         SHA256((unsigned char*)pass, strlen(password), hash);
      |                                             ^~~~~~~~
ftpClient.c:312:45: note: each undeclared identifier is reported only once for each function it appears in
