ftpServer.c: In function ‘ftpserver_start_pasv_data_conn’:
ftpServer.c:75:9: warning: implicit declaration of function ‘sendfile’ [-Wimplicit-function-declaration]
   75 |         sendfile(session->sock_data,fd,NULL,size);
      |         ^~~~~~~~
ftpServer.c: In function ‘ftpserver_retr’:
ftpServer.c:400:24: warning: ‘return’ with a value, in function returning void
  400 |                 return -1;
      |                        ^
ftpServer.c:388:6: note: declared here
  388 | void ftpserver_retr(UserSession *session,char *filename)
      |      ^~~~~~~~~~~~~~
ftpServer.c: In function ‘ftpserver_push’:
ftpServer.c:436:24: warning: ‘return’ with a value, in function returning void
  436 |                 return -1;
      |                        ^
ftpServer.c:420:6: note: declared here
  420 | void ftpserver_push(UserSession *session,char* filename)
      |      ^~~~~~~~~~~~~~
ftpServer.c: In function ‘ftpserver_delet’:
ftpServer.c:488:24: warning: ‘return’ with a value, in function returning void
  488 |                 return -1;
      |                        ^
ftpServer.c:476:6: note: declared here
  476 | void ftpserver_delet(UserSession *session, char *filename)
      |      ^~~~~~~~~~~~~~~
ftpServer.c: In function ‘ftpserver_rename_directory’:
ftpServer.c:627:24: warning: ‘return’ with a value, in function returning void
  627 |                 return -1;
      |                        ^
ftpServer.c:600:6: note: declared here
  600 | void ftpserver_rename_directory(UserSession *session, char *arg)
      |      ^~~~~~~~~~~~~~~~~~~~~~~~~~
ftpServer.c: In function ‘ftpserver_make_directory’:
ftpServer.c:651:24: warning: ‘return’ with a value, in function returning void
  651 |                 return -1;
      |                        ^
ftpServer.c:641:6: note: declared here
  641 | void ftpserver_make_directory(UserSession *session,char *path)
      |      ^~~~~~~~~~~~~~~~~~~~~~~~
ftpServer.c: In function ‘ftpserver_start_pasv_data_conn’:
ftpServer.c:60:52: warning: ‘%s’ directive output may be truncated writing up to 1023 bytes into a region of size 250 [-Wformat-truncation=]
   60 |         snprintf(command, sizeof(command), "echo \"%s\" > temp.txt", response);
      |                                                    ^~                ~~~~~~~~
ftpServer.c:60:9: note: ‘snprintf’ output between 19 and 1042 bytes into a destination of size 256
   60 |         snprintf(command, sizeof(command), "echo \"%s\" > temp.txt", response);
      |         ^~~~~~~~~~~~~~~~~~~~~~~~~~~~~~~~~~~~~~~~~~~~~~~~~~~~~~~~~~~~~~~~~~~~~~
ftpServer.c: In function ‘ftpserver_list’:
ftpServer.c:366:51: warning: ‘%s’ directive output may be truncated writing up to 1023 bytes into a region of size 250 [-Wformat-truncation=]
  366 |         snprintf(command, sizeof(command), "ls -l %s > temp.txt", session->FTP_PATH);
      |                                                   ^~
ftpServer.c:366:9: note: ‘snprintf’ output between 18 and 1041 bytes into a destination of size 256
  366 |         snprintf(command, sizeof(command), "ls -l %s > temp.txt", session->FTP_PATH);
      |         ^~~~~~~~~~~~~~~~~~~~~~~~~~~~~~~~~~~~~~~~~~~~~~~~~~~~~~~~~~~~~~~~~~~~~~~~~~~~
ftpServer.c: In function ‘ftpserver_make_directory’:
ftpServer.c:644:43: warning: ‘%s’ directive output may be truncated writing up to 1023 bytes into a region of size 512 [-Wformat-truncation=]
  644 |     snprintf(dir_path, sizeof(dir_path), "%s%s", session->FTP_PATH, path);
      |                                           ^~
ftpServer.c:644:5: note: ‘snprintf’ output 1 or more bytes (assuming 1024) into a destination of size 512
  644 |     snprintf(dir_path, sizeof(dir_path), "%s%s", session->FTP_PATH, path);
      |     ^~~~~~~~~~~~~~~~~~~~~~~~~~~~~~~~~~~~~~~~~~~~~~~~~~~~~~~~~~~~~~~~~~~~~
