ftpServer.c: In function ‘ftpserver_start_pasv_data_conn’:
ftpServer.c:75:9: warning: implicit declaration of function ‘sendfile’ [-Wimplicit-function-declaration]
   75 |         sendfile(session->sock_data,fd,NULL,size);
      |         ^~~~~~~~
ftpServer.c: In function ‘ftpserver_retr’:
ftpServer.c:415:24: warning: ‘return’ with a value, in function returning void
  415 |                 return -1;
      |                        ^
ftpServer.c:403:6: note: declared here
  403 | void ftpserver_retr(UserSession *session,char *filename)
      |      ^~~~~~~~~~~~~~
ftpServer.c: In function ‘ftpserver_push’:
ftpServer.c:451:24: warning: ‘return’ with a value, in function returning void
  451 |                 return -1;
      |                        ^
ftpServer.c:435:6: note: declared here
  435 | void ftpserver_push(UserSession *session,char* filename)
      |      ^~~~~~~~~~~~~~
ftpServer.c: In function ‘ftpserver_delet’:
ftpServer.c:503:24: warning: ‘return’ with a value, in function returning void
  503 |                 return -1;
      |                        ^
ftpServer.c:491:6: note: declared here
  491 | void ftpserver_delet(UserSession *session, char *filename)
      |      ^~~~~~~~~~~~~~~
ftpServer.c: In function ‘ftpserver_rename_directory’:
ftpServer.c:642:24: warning: ‘return’ with a value, in function returning void
  642 |                 return -1;
      |                        ^
ftpServer.c:615:6: note: declared here
  615 | void ftpserver_rename_directory(UserSession *session, char *arg)
      |      ^~~~~~~~~~~~~~~~~~~~~~~~~~
ftpServer.c: In function ‘ftpserver_make_directory’:
ftpServer.c:666:24: warning: ‘return’ with a value, in function returning void
  666 |                 return -1;
      |                        ^
ftpServer.c:656:6: note: declared here
  656 | void ftpserver_make_directory(UserSession *session,char *path)
      |      ^~~~~~~~~~~~~~~~~~~~~~~~
ftpServer.c: In function ‘ftpserver_start_pasv_data_conn’:
ftpServer.c:60:52: warning: ‘%s’ directive output may be truncated writing up to 1023 bytes into a region of size 250 [-Wformat-truncation=]
   60 |         snprintf(command, sizeof(command), "echo \"%s\" > temp.txt", response);
      |                                                    ^~                ~~~~~~~~
ftpServer.c:60:9: note: ‘snprintf’ output between 19 and 1042 bytes into a destination of size 256
   60 |         snprintf(command, sizeof(command), "echo \"%s\" > temp.txt", response);
      |         ^~~~~~~~~~~~~~~~~~~~~~~~~~~~~~~~~~~~~~~~~~~~~~~~~~~~~~~~~~~~~~~~~~~~~~
ftpServer.c: In function ‘ftpserver_list’:
ftpServer.c:381:51: warning: ‘%s’ directive output may be truncated writing up to 1023 bytes into a region of size 250 [-Wformat-truncation=]
  381 |         snprintf(command, sizeof(command), "ls -l %s > temp.txt", session->FTP_PATH);
      |                                                   ^~
ftpServer.c:381:9: note: ‘snprintf’ output between 18 and 1041 bytes into a destination of size 256
  381 |         snprintf(command, sizeof(command), "ls -l %s > temp.txt", session->FTP_PATH);
      |         ^~~~~~~~~~~~~~~~~~~~~~~~~~~~~~~~~~~~~~~~~~~~~~~~~~~~~~~~~~~~~~~~~~~~~~~~~~~~
ftpServer.c: In function ‘ftpserver_make_directory’:
ftpServer.c:659:43: warning: ‘%s’ directive output may be truncated writing up to 1023 bytes into a region of size 512 [-Wformat-truncation=]
  659 |     snprintf(dir_path, sizeof(dir_path), "%s%s", session->FTP_PATH, path);
      |                                           ^~
ftpServer.c:659:5: note: ‘snprintf’ output 1 or more bytes (assuming 1024) into a destination of size 512
  659 |     snprintf(dir_path, sizeof(dir_path), "%s%s", session->FTP_PATH, path);
      |     ^~~~~~~~~~~~~~~~~~~~~~~~~~~~~~~~~~~~~~~~~~~~~~~~~~~~~~~~~~~~~~~~~~~~~
